<?xml version="1.0" encoding="UTF-8"?>
<!-- Generated by org.testng.reporters.JUnitReportReporter -->
<testsuite hostname="HiteshJHPJLenovoPP" failures="0" tests="1" name="tests.NewTest" time="2.321" errors="0" timestamp="22 Nov 2018 06:38:19 GMT" skipped="0">
  <testcase classname="tests.NewTest" name="CreateAPP" time="2.321"/>
</testsuite> <!-- tests.NewTest -->
